<?xml version="1.0" encoding="UTF-8"?>
<!-- Generated by org.testng.reporters.JUnitReportReporter -->
<testsuite hostname="DESKTOP-3I639T8" failures="0" tests="1" name="testClasses.LogInTest" time="4.703" errors="0" timestamp="05 Sep 2022 11:34:03 GMT" skipped="0">
  <testcase classname="testClasses.LogInTest" name="verifyLogInTab" time="4.703"/>
</testsuite> <!-- testClasses.LogInTest -->
